2025-10-27 01:07:19,819 DEBUG    root            Loaded Command Group: ['gcloud', 'auth']
2025-10-27 01:07:19,821 DEBUG    root            Loaded Command Group: ['gcloud', 'auth', 'print_access_token']
2025-10-27 01:07:19,821 DEBUG    root            Running [gcloud.auth.print-access-token] with arguments: [--scopes: "['https://www.googleapis.com/auth/drive', 'https://www.googleapis.com/auth/cloud-platform']"]
2025-10-27 01:07:19,888 DEBUG    google.auth.transport.requests Making request: POST https://oauth2.googleapis.com/token
2025-10-27 01:07:19,895 DEBUG    urllib3.connectionpool Starting new HTTPS connection (1): oauth2.googleapis.com:443
2025-10-27 01:07:19,897 ERROR    ___FILE_ONLY___ Handling the source of a tool exception, original details follow.
2025-10-27 01:07:19,897 ERROR    ___FILE_ONLY___ HTTPSConnectionPool(host='oauth2.googleapis.com', port=443): Max retries exceeded with url: /token (Caused by NameResolutionError("<urllib3.connection.HTTPSConnection object at 0x104780070>: Failed to resolve 'oauth2.googleapis.com' ([Errno 8] nodename nor servname provided, or not known)"))
Traceback (most recent call last):
  File "/opt/homebrew/Caskroom/google-cloud-sdk/529.0.0/google-cloud-sdk/lib/third_party/urllib3/connection.py", line 198, in _new_conn
    sock = connection.create_connection(
  File "/opt/homebrew/Caskroom/google-cloud-sdk/529.0.0/google-cloud-sdk/lib/third_party/urllib3/util/connection.py", line 62, in create_connection
    for res in socket.getaddrinfo(host, port, family, socket.SOCK_STREAM):
  File "/Library/Developer/CommandLineTools/Library/Frameworks/Python3.framework/Versions/3.9/lib/python3.9/socket.py", line 953, in getaddrinfo
    for res in _socket.getaddrinfo(host, port, family, type, proto, flags):
socket.gaierror: [Errno 8] nodename nor servname provided, or not known

The above exception was the direct cause of the following exception:

Traceback (most recent call last):
  File "/opt/homebrew/Caskroom/google-cloud-sdk/529.0.0/google-cloud-sdk/lib/third_party/urllib3/connectionpool.py", line 789, in urlopen
    response = self._make_request(
  File "/opt/homebrew/Caskroom/google-cloud-sdk/529.0.0/google-cloud-sdk/lib/third_party/urllib3/connectionpool.py", line 490, in _make_request
    raise new_e
  File "/opt/homebrew/Caskroom/google-cloud-sdk/529.0.0/google-cloud-sdk/lib/third_party/urllib3/connectionpool.py", line 466, in _make_request
    self._validate_conn(conn)
  File "/opt/homebrew/Caskroom/google-cloud-sdk/529.0.0/google-cloud-sdk/lib/third_party/urllib3/connectionpool.py", line 1098, in _validate_conn
    conn.connect()
  File "/opt/homebrew/Caskroom/google-cloud-sdk/529.0.0/google-cloud-sdk/lib/third_party/urllib3/connection.py", line 620, in connect
    self.sock = sock = self._new_conn()
  File "/opt/homebrew/Caskroom/google-cloud-sdk/529.0.0/google-cloud-sdk/lib/third_party/urllib3/connection.py", line 206, in _new_conn
    raise NameResolutionError(self.host, self, e) from e
urllib3.exceptions.NameResolutionError: <urllib3.connection.HTTPSConnection object at 0x104780070>: Failed to resolve 'oauth2.googleapis.com' ([Errno 8] nodename nor servname provided, or not known)

The above exception was the direct cause of the following exception:

Traceback (most recent call last):
  File "/opt/homebrew/Caskroom/google-cloud-sdk/529.0.0/google-cloud-sdk/lib/third_party/requests/adapters.py", line 667, in send
    resp = conn.urlopen(
  File "/opt/homebrew/Caskroom/google-cloud-sdk/529.0.0/google-cloud-sdk/lib/third_party/urllib3/connectionpool.py", line 843, in urlopen
    retries = retries.increment(
  File "/opt/homebrew/Caskroom/google-cloud-sdk/529.0.0/google-cloud-sdk/lib/third_party/urllib3/util/retry.py", line 520, in increment
    raise MaxRetryError(_pool, url, reason) from reason  # type: ignore[arg-type]
urllib3.exceptions.MaxRetryError: HTTPSConnectionPool(host='oauth2.googleapis.com', port=443): Max retries exceeded with url: /token (Caused by NameResolutionError("<urllib3.connection.HTTPSConnection object at 0x104780070>: Failed to resolve 'oauth2.googleapis.com' ([Errno 8] nodename nor servname provided, or not known)"))

During handling of the above exception, another exception occurred:

Traceback (most recent call last):
  File "/opt/homebrew/Caskroom/google-cloud-sdk/529.0.0/google-cloud-sdk/lib/third_party/google/auth/transport/requests.py", line 186, in __call__
    response = self.session.request(
  File "/opt/homebrew/Caskroom/google-cloud-sdk/529.0.0/google-cloud-sdk/lib/googlecloudsdk/core/transport.py", line 269, in WrappedRequest
    response = orig_request(*modified_args, **modified_kwargs)
  File "/opt/homebrew/Caskroom/google-cloud-sdk/529.0.0/google-cloud-sdk/lib/googlecloudsdk/core/requests.py", line 309, in WrappedRequest
    return orig_request_method(*args, **kwargs)
  File "/opt/homebrew/Caskroom/google-cloud-sdk/529.0.0/google-cloud-sdk/lib/third_party/requests/sessions.py", line 589, in request
    resp = self.send(prep, **send_kwargs)
  File "/opt/homebrew/Caskroom/google-cloud-sdk/529.0.0/google-cloud-sdk/lib/third_party/requests/sessions.py", line 703, in send
    r = adapter.send(request, **kwargs)
  File "/opt/homebrew/Caskroom/google-cloud-sdk/529.0.0/google-cloud-sdk/lib/third_party/requests/adapters.py", line 700, in send
    raise ConnectionError(e, request=request)
requests.exceptions.ConnectionError: HTTPSConnectionPool(host='oauth2.googleapis.com', port=443): Max retries exceeded with url: /token (Caused by NameResolutionError("<urllib3.connection.HTTPSConnection object at 0x104780070>: Failed to resolve 'oauth2.googleapis.com' ([Errno 8] nodename nor servname provided, or not known)"))

The above exception was the direct cause of the following exception:

Traceback (most recent call last):
  File "/opt/homebrew/Caskroom/google-cloud-sdk/529.0.0/google-cloud-sdk/lib/googlecloudsdk/calliope/exceptions.py", line 133, in TryFunc
    return func(*args, **kwargs)
  File "/opt/homebrew/Caskroom/google-cloud-sdk/529.0.0/google-cloud-sdk/lib/surface/auth/print_access_token.py", line 192, in Run
    c_store.Refresh(cred)
  File "/opt/homebrew/Caskroom/google-cloud-sdk/529.0.0/google-cloud-sdk/lib/googlecloudsdk/core/credentials/store.py", line 1133, in Refresh
    _RefreshGoogleAuth(credentials, is_impersonated_credential,
  File "/opt/homebrew/Caskroom/google-cloud-sdk/529.0.0/google-cloud-sdk/lib/googlecloudsdk/core/credentials/store.py", line 1326, in _RefreshGoogleAuth
    _RefreshGoogleAuthIdToken(
  File "/opt/homebrew/Caskroom/google-cloud-sdk/529.0.0/google-cloud-sdk/lib/googlecloudsdk/core/credentials/store.py", line 1415, in _RefreshGoogleAuthIdToken
    id_token = _RefreshServiceAccountIdTokenGoogleAuth(
  File "/opt/homebrew/Caskroom/google-cloud-sdk/529.0.0/google-cloud-sdk/lib/googlecloudsdk/core/credentials/store.py", line 1543, in _RefreshServiceAccountIdTokenGoogleAuth
    id_token_cred.refresh(request_client)
  File "/opt/homebrew/Caskroom/google-cloud-sdk/529.0.0/google-cloud-sdk/lib/third_party/google/oauth2/service_account.py", line 824, in refresh
    access_token, expiry, _ = _client.id_token_jwt_grant(
  File "/opt/homebrew/Caskroom/google-cloud-sdk/529.0.0/google-cloud-sdk/lib/third_party/google/oauth2/_client.py", line 398, in id_token_jwt_grant
    response_data = _token_endpoint_request(
  File "/opt/homebrew/Caskroom/google-cloud-sdk/529.0.0/google-cloud-sdk/lib/third_party/google/oauth2/_client.py", line 259, in _token_endpoint_request
    response_status_ok, response_data, retryable_error = _token_endpoint_request_no_throw(
  File "/opt/homebrew/Caskroom/google-cloud-sdk/529.0.0/google-cloud-sdk/lib/third_party/google/oauth2/_client.py", line 192, in _token_endpoint_request_no_throw
    response = request(
  File "/opt/homebrew/Caskroom/google-cloud-sdk/529.0.0/google-cloud-sdk/lib/third_party/google/auth/transport/requests.py", line 192, in __call__
    raise new_exc from caught_exc
google.auth.exceptions.TransportError: HTTPSConnectionPool(host='oauth2.googleapis.com', port=443): Max retries exceeded with url: /token (Caused by NameResolutionError("<urllib3.connection.HTTPSConnection object at 0x104780070>: Failed to resolve 'oauth2.googleapis.com' ([Errno 8] nodename nor servname provided, or not known)"))
2025-10-27 01:07:19,912 DEBUG    root            (gcloud.auth.print-access-token) HTTPSConnectionPool(host='oauth2.googleapis.com', port=443): Max retries exceeded with url: /token (Caused by NameResolutionError("<urllib3.connection.HTTPSConnection object at 0x104780070>: Failed to resolve 'oauth2.googleapis.com' ([Errno 8] nodename nor servname provided, or not known)"))
Traceback (most recent call last):
  File "/opt/homebrew/Caskroom/google-cloud-sdk/529.0.0/google-cloud-sdk/lib/third_party/urllib3/connection.py", line 198, in _new_conn
    sock = connection.create_connection(
  File "/opt/homebrew/Caskroom/google-cloud-sdk/529.0.0/google-cloud-sdk/lib/third_party/urllib3/util/connection.py", line 62, in create_connection
    for res in socket.getaddrinfo(host, port, family, socket.SOCK_STREAM):
  File "/Library/Developer/CommandLineTools/Library/Frameworks/Python3.framework/Versions/3.9/lib/python3.9/socket.py", line 953, in getaddrinfo
    for res in _socket.getaddrinfo(host, port, family, type, proto, flags):
socket.gaierror: [Errno 8] nodename nor servname provided, or not known

The above exception was the direct cause of the following exception:

Traceback (most recent call last):
  File "/opt/homebrew/Caskroom/google-cloud-sdk/529.0.0/google-cloud-sdk/lib/third_party/urllib3/connectionpool.py", line 789, in urlopen
    response = self._make_request(
  File "/opt/homebrew/Caskroom/google-cloud-sdk/529.0.0/google-cloud-sdk/lib/third_party/urllib3/connectionpool.py", line 490, in _make_request
    raise new_e
  File "/opt/homebrew/Caskroom/google-cloud-sdk/529.0.0/google-cloud-sdk/lib/third_party/urllib3/connectionpool.py", line 466, in _make_request
    self._validate_conn(conn)
  File "/opt/homebrew/Caskroom/google-cloud-sdk/529.0.0/google-cloud-sdk/lib/third_party/urllib3/connectionpool.py", line 1098, in _validate_conn
    conn.connect()
  File "/opt/homebrew/Caskroom/google-cloud-sdk/529.0.0/google-cloud-sdk/lib/third_party/urllib3/connection.py", line 620, in connect
    self.sock = sock = self._new_conn()
  File "/opt/homebrew/Caskroom/google-cloud-sdk/529.0.0/google-cloud-sdk/lib/third_party/urllib3/connection.py", line 206, in _new_conn
    raise NameResolutionError(self.host, self, e) from e
urllib3.exceptions.NameResolutionError: <urllib3.connection.HTTPSConnection object at 0x104780070>: Failed to resolve 'oauth2.googleapis.com' ([Errno 8] nodename nor servname provided, or not known)

The above exception was the direct cause of the following exception:

Traceback (most recent call last):
  File "/opt/homebrew/Caskroom/google-cloud-sdk/529.0.0/google-cloud-sdk/lib/third_party/requests/adapters.py", line 667, in send
    resp = conn.urlopen(
  File "/opt/homebrew/Caskroom/google-cloud-sdk/529.0.0/google-cloud-sdk/lib/third_party/urllib3/connectionpool.py", line 843, in urlopen
    retries = retries.increment(
  File "/opt/homebrew/Caskroom/google-cloud-sdk/529.0.0/google-cloud-sdk/lib/third_party/urllib3/util/retry.py", line 520, in increment
    raise MaxRetryError(_pool, url, reason) from reason  # type: ignore[arg-type]
urllib3.exceptions.MaxRetryError: HTTPSConnectionPool(host='oauth2.googleapis.com', port=443): Max retries exceeded with url: /token (Caused by NameResolutionError("<urllib3.connection.HTTPSConnection object at 0x104780070>: Failed to resolve 'oauth2.googleapis.com' ([Errno 8] nodename nor servname provided, or not known)"))

During handling of the above exception, another exception occurred:

Traceback (most recent call last):
  File "/opt/homebrew/Caskroom/google-cloud-sdk/529.0.0/google-cloud-sdk/lib/third_party/google/auth/transport/requests.py", line 186, in __call__
    response = self.session.request(
  File "/opt/homebrew/Caskroom/google-cloud-sdk/529.0.0/google-cloud-sdk/lib/googlecloudsdk/core/transport.py", line 269, in WrappedRequest
    response = orig_request(*modified_args, **modified_kwargs)
  File "/opt/homebrew/Caskroom/google-cloud-sdk/529.0.0/google-cloud-sdk/lib/googlecloudsdk/core/requests.py", line 309, in WrappedRequest
    return orig_request_method(*args, **kwargs)
  File "/opt/homebrew/Caskroom/google-cloud-sdk/529.0.0/google-cloud-sdk/lib/third_party/requests/sessions.py", line 589, in request
    resp = self.send(prep, **send_kwargs)
  File "/opt/homebrew/Caskroom/google-cloud-sdk/529.0.0/google-cloud-sdk/lib/third_party/requests/sessions.py", line 703, in send
    r = adapter.send(request, **kwargs)
  File "/opt/homebrew/Caskroom/google-cloud-sdk/529.0.0/google-cloud-sdk/lib/third_party/requests/adapters.py", line 700, in send
    raise ConnectionError(e, request=request)
requests.exceptions.ConnectionError: HTTPSConnectionPool(host='oauth2.googleapis.com', port=443): Max retries exceeded with url: /token (Caused by NameResolutionError("<urllib3.connection.HTTPSConnection object at 0x104780070>: Failed to resolve 'oauth2.googleapis.com' ([Errno 8] nodename nor servname provided, or not known)"))

The above exception was the direct cause of the following exception:

Traceback (most recent call last):
  File "/opt/homebrew/Caskroom/google-cloud-sdk/529.0.0/google-cloud-sdk/lib/googlecloudsdk/calliope/exceptions.py", line 133, in TryFunc
    return func(*args, **kwargs)
  File "/opt/homebrew/Caskroom/google-cloud-sdk/529.0.0/google-cloud-sdk/lib/surface/auth/print_access_token.py", line 192, in Run
    c_store.Refresh(cred)
  File "/opt/homebrew/Caskroom/google-cloud-sdk/529.0.0/google-cloud-sdk/lib/googlecloudsdk/core/credentials/store.py", line 1133, in Refresh
    _RefreshGoogleAuth(credentials, is_impersonated_credential,
  File "/opt/homebrew/Caskroom/google-cloud-sdk/529.0.0/google-cloud-sdk/lib/googlecloudsdk/core/credentials/store.py", line 1326, in _RefreshGoogleAuth
    _RefreshGoogleAuthIdToken(
  File "/opt/homebrew/Caskroom/google-cloud-sdk/529.0.0/google-cloud-sdk/lib/googlecloudsdk/core/credentials/store.py", line 1415, in _RefreshGoogleAuthIdToken
    id_token = _RefreshServiceAccountIdTokenGoogleAuth(
  File "/opt/homebrew/Caskroom/google-cloud-sdk/529.0.0/google-cloud-sdk/lib/googlecloudsdk/core/credentials/store.py", line 1543, in _RefreshServiceAccountIdTokenGoogleAuth
    id_token_cred.refresh(request_client)
  File "/opt/homebrew/Caskroom/google-cloud-sdk/529.0.0/google-cloud-sdk/lib/third_party/google/oauth2/service_account.py", line 824, in refresh
    access_token, expiry, _ = _client.id_token_jwt_grant(
  File "/opt/homebrew/Caskroom/google-cloud-sdk/529.0.0/google-cloud-sdk/lib/third_party/google/oauth2/_client.py", line 398, in id_token_jwt_grant
    response_data = _token_endpoint_request(
  File "/opt/homebrew/Caskroom/google-cloud-sdk/529.0.0/google-cloud-sdk/lib/third_party/google/oauth2/_client.py", line 259, in _token_endpoint_request
    response_status_ok, response_data, retryable_error = _token_endpoint_request_no_throw(
  File "/opt/homebrew/Caskroom/google-cloud-sdk/529.0.0/google-cloud-sdk/lib/third_party/google/oauth2/_client.py", line 192, in _token_endpoint_request_no_throw
    response = request(
  File "/opt/homebrew/Caskroom/google-cloud-sdk/529.0.0/google-cloud-sdk/lib/third_party/google/auth/transport/requests.py", line 192, in __call__
    raise new_exc from caught_exc
google.auth.exceptions.TransportError: HTTPSConnectionPool(host='oauth2.googleapis.com', port=443): Max retries exceeded with url: /token (Caused by NameResolutionError("<urllib3.connection.HTTPSConnection object at 0x104780070>: Failed to resolve 'oauth2.googleapis.com' ([Errno 8] nodename nor servname provided, or not known)"))

During handling of the above exception, another exception occurred:

Traceback (most recent call last):
  File "/opt/homebrew/Caskroom/google-cloud-sdk/529.0.0/google-cloud-sdk/lib/googlecloudsdk/calliope/cli.py", line 985, in Execute
    resources = calliope_command.Run(cli=self, args=args)
  File "/opt/homebrew/Caskroom/google-cloud-sdk/529.0.0/google-cloud-sdk/lib/googlecloudsdk/calliope/backend.py", line 945, in Run
    resources = command_instance.Run(args)
  File "/opt/homebrew/Caskroom/google-cloud-sdk/529.0.0/google-cloud-sdk/lib/googlecloudsdk/calliope/exceptions.py", line 135, in TryFunc
    core_exceptions.reraise(NewErrorFromCurrentException(error))
  File "/opt/homebrew/Caskroom/google-cloud-sdk/529.0.0/google-cloud-sdk/lib/googlecloudsdk/core/exceptions.py", line 149, in reraise
    six.reraise(type(exc_value), exc_value, tb)
  File "/opt/homebrew/Caskroom/google-cloud-sdk/529.0.0/google-cloud-sdk/lib/third_party/six/__init__.py", line 718, in reraise
    raise value.with_traceback(tb)
  File "/opt/homebrew/Caskroom/google-cloud-sdk/529.0.0/google-cloud-sdk/lib/googlecloudsdk/calliope/exceptions.py", line 133, in TryFunc
    return func(*args, **kwargs)
  File "/opt/homebrew/Caskroom/google-cloud-sdk/529.0.0/google-cloud-sdk/lib/surface/auth/print_access_token.py", line 192, in Run
    c_store.Refresh(cred)
  File "/opt/homebrew/Caskroom/google-cloud-sdk/529.0.0/google-cloud-sdk/lib/googlecloudsdk/core/credentials/store.py", line 1133, in Refresh
    _RefreshGoogleAuth(credentials, is_impersonated_credential,
  File "/opt/homebrew/Caskroom/google-cloud-sdk/529.0.0/google-cloud-sdk/lib/googlecloudsdk/core/credentials/store.py", line 1326, in _RefreshGoogleAuth
    _RefreshGoogleAuthIdToken(
  File "/opt/homebrew/Caskroom/google-cloud-sdk/529.0.0/google-cloud-sdk/lib/googlecloudsdk/core/credentials/store.py", line 1415, in _RefreshGoogleAuthIdToken
    id_token = _RefreshServiceAccountIdTokenGoogleAuth(
  File "/opt/homebrew/Caskroom/google-cloud-sdk/529.0.0/google-cloud-sdk/lib/googlecloudsdk/core/credentials/store.py", line 1543, in _RefreshServiceAccountIdTokenGoogleAuth
    id_token_cred.refresh(request_client)
  File "/opt/homebrew/Caskroom/google-cloud-sdk/529.0.0/google-cloud-sdk/lib/third_party/google/oauth2/service_account.py", line 824, in refresh
    access_token, expiry, _ = _client.id_token_jwt_grant(
  File "/opt/homebrew/Caskroom/google-cloud-sdk/529.0.0/google-cloud-sdk/lib/third_party/google/oauth2/_client.py", line 398, in id_token_jwt_grant
    response_data = _token_endpoint_request(
  File "/opt/homebrew/Caskroom/google-cloud-sdk/529.0.0/google-cloud-sdk/lib/third_party/google/oauth2/_client.py", line 259, in _token_endpoint_request
    response_status_ok, response_data, retryable_error = _token_endpoint_request_no_throw(
  File "/opt/homebrew/Caskroom/google-cloud-sdk/529.0.0/google-cloud-sdk/lib/third_party/google/oauth2/_client.py", line 192, in _token_endpoint_request_no_throw
    response = request(
  File "/opt/homebrew/Caskroom/google-cloud-sdk/529.0.0/google-cloud-sdk/lib/third_party/google/auth/transport/requests.py", line 192, in __call__
    raise new_exc from caught_exc
googlecloudsdk.api_lib.auth.exceptions.AuthenticationError: HTTPSConnectionPool(host='oauth2.googleapis.com', port=443): Max retries exceeded with url: /token (Caused by NameResolutionError("<urllib3.connection.HTTPSConnection object at 0x104780070>: Failed to resolve 'oauth2.googleapis.com' ([Errno 8] nodename nor servname provided, or not known)"))
2025-10-27 01:07:19,915 ERROR    root            (gcloud.auth.print-access-token) HTTPSConnectionPool(host='oauth2.googleapis.com', port=443): Max retries exceeded with url: /token (Caused by NameResolutionError("<urllib3.connection.HTTPSConnection object at 0x104780070>: Failed to resolve 'oauth2.googleapis.com' ([Errno 8] nodename nor servname provided, or not known)"))
